1688008382.056739 client started (15676): version next-3.4, socket /tmp/tmux-1000/default, protocol 8
1688008382.056800 on Linux 5.4.0-146-generic #163~18.04.1-Ubuntu SMP Mon Mar 20 15:02:59 UTC 2023
1688008382.056815 using libevent 2.1.12-stable poll
1688008382.056828 using ncurses 6.1 20180127
1688008382.056891 flags are 0x10010000
1688008382.056904 socket is /tmp/tmux-1000/default
1688008382.056930 trying connect
1688008382.057135 add peer 0x55acdd86d3a0: 6 ((nil))
1688008382.057411 sending message 100 to peer 0x55acdd86d3a0 (4 bytes)
1688008382.057417 sending message 111 to peer 0x55acdd86d3a0 (8 bytes)
1688008382.057419 sending message 101 to peer 0x55acdd86d3a0 (16 bytes)
1688008382.057422 sending message 109 to peer 0x55acdd86d3a0 (4 bytes)
1688008382.057424 sending message 102 to peer 0x55acdd86d3a0 (11 bytes)
1688008382.057426 sending message 108 to peer 0x55acdd86d3a0 (27 bytes)
1688008382.057428 sending message 112 to peer 0x55acdd86d3a0 (70 bytes)
1688008382.057431 sending message 112 to peer 0x55acdd86d3a0 (5 bytes)
1688008382.057433 sending message 112 to peer 0x55acdd86d3a0 (5 bytes)
1688008382.057435 sending message 112 to peer 0x55acdd86d3a0 (6 bytes)
1688008382.057437 sending message 112 to peer 0x55acdd86d3a0 (6 bytes)
1688008382.057439 sending message 112 to peer 0x55acdd86d3a0 (11 bytes)
1688008382.057442 sending message 112 to peer 0x55acdd86d3a0 (10 bytes)
1688008382.057444 sending message 112 to peer 0x55acdd86d3a0 (13 bytes)
1688008382.057446 sending message 112 to peer 0x55acdd86d3a0 (13 bytes)
1688008382.057448 sending message 112 to peer 0x55acdd86d3a0 (18 bytes)
1688008382.057450 sending message 112 to peer 0x55acdd86d3a0 (11 bytes)
1688008382.057452 sending message 112 to peer 0x55acdd86d3a0 (21 bytes)
1688008382.057454 sending message 112 to peer 0x55acdd86d3a0 (13 bytes)
1688008382.057457 sending message 112 to peer 0x55acdd86d3a0 (7 bytes)
1688008382.057459 sending message 112 to peer 0x55acdd86d3a0 (13 bytes)
1688008382.057461 sending message 112 to peer 0x55acdd86d3a0 (7 bytes)
1688008382.057463 sending message 112 to peer 0x55acdd86d3a0 (13 bytes)
1688008382.057465 sending message 112 to peer 0x55acdd86d3a0 (9 bytes)
1688008382.057468 sending message 112 to peer 0x55acdd86d3a0 (21 bytes)
1688008382.057470 sending message 112 to peer 0x55acdd86d3a0 (13 bytes)
1688008382.057472 sending message 112 to peer 0x55acdd86d3a0 (8 bytes)
1688008382.057474 sending message 112 to peer 0x55acdd86d3a0 (12 bytes)
1688008382.057476 sending message 112 to peer 0x55acdd86d3a0 (13 bytes)
1688008382.057478 sending message 112 to peer 0x55acdd86d3a0 (9 bytes)
1688008382.057480 sending message 112 to peer 0x55acdd86d3a0 (9 bytes)
1688008382.057482 sending message 112 to peer 0x55acdd86d3a0 (12 bytes)
1688008382.057485 sending message 112 to peer 0x55acdd86d3a0 (8 bytes)
1688008382.057487 sending message 112 to peer 0x55acdd86d3a0 (7 bytes)
1688008382.057489 sending message 112 to peer 0x55acdd86d3a0 (7 bytes)
1688008382.057491 sending message 112 to peer 0x55acdd86d3a0 (9 bytes)
1688008382.057493 sending message 112 to peer 0x55acdd86d3a0 (13 bytes)
1688008382.057495 sending message 112 to peer 0x55acdd86d3a0 (9 bytes)
1688008382.057497 sending message 112 to peer 0x55acdd86d3a0 (15 bytes)
1688008382.057500 sending message 112 to peer 0x55acdd86d3a0 (13 bytes)
1688008382.057502 sending message 112 to peer 0x55acdd86d3a0 (12 bytes)
1688008382.057504 sending message 112 to peer 0x55acdd86d3a0 (8 bytes)
1688008382.057506 sending message 112 to peer 0x55acdd86d3a0 (14 bytes)
1688008382.057508 sending message 112 to peer 0x55acdd86d3a0 (9 bytes)
1688008382.057510 sending message 112 to peer 0x55acdd86d3a0 (10 bytes)
1688008382.057512 sending message 112 to peer 0x55acdd86d3a0 (10 bytes)
1688008382.057514 sending message 112 to peer 0x55acdd86d3a0 (10 bytes)
1688008382.057517 sending message 112 to peer 0x55acdd86d3a0 (10 bytes)
1688008382.057519 sending message 112 to peer 0x55acdd86d3a0 (11 bytes)
1688008382.057521 sending message 112 to peer 0x55acdd86d3a0 (10 bytes)
1688008382.057523 sending message 112 to peer 0x55acdd86d3a0 (8 bytes)
1688008382.057528 sending message 112 to peer 0x55acdd86d3a0 (11 bytes)
1688008382.057531 sending message 112 to peer 0x55acdd86d3a0 (11 bytes)
1688008382.057533 sending message 112 to peer 0x55acdd86d3a0 (11 bytes)
1688008382.057535 sending message 112 to peer 0x55acdd86d3a0 (8 bytes)
1688008382.057537 sending message 112 to peer 0x55acdd86d3a0 (8 bytes)
1688008382.057539 sending message 112 to peer 0x55acdd86d3a0 (8 bytes)
1688008382.057541 sending message 112 to peer 0x55acdd86d3a0 (10 bytes)
1688008382.057543 sending message 112 to peer 0x55acdd86d3a0 (10 bytes)
1688008382.057546 sending message 112 to peer 0x55acdd86d3a0 (10 bytes)
1688008382.057548 sending message 112 to peer 0x55acdd86d3a0 (10 bytes)
1688008382.057550 sending message 112 to peer 0x55acdd86d3a0 (10 bytes)
1688008382.057552 sending message 112 to peer 0x55acdd86d3a0 (11 bytes)
1688008382.057554 sending message 112 to peer 0x55acdd86d3a0 (11 bytes)
1688008382.057556 sending message 112 to peer 0x55acdd86d3a0 (10 bytes)
1688008382.057558 sending message 112 to peer 0x55acdd86d3a0 (9 bytes)
1688008382.057561 sending message 112 to peer 0x55acdd86d3a0 (9 bytes)
1688008382.057563 sending message 112 to peer 0x55acdd86d3a0 (12 bytes)
1688008382.057565 sending message 112 to peer 0x55acdd86d3a0 (9 bytes)
1688008382.057567 sending message 112 to peer 0x55acdd86d3a0 (6 bytes)
1688008382.057569 sending message 112 to peer 0x55acdd86d3a0 (8 bytes)
1688008382.057571 sending message 112 to peer 0x55acdd86d3a0 (15 bytes)
1688008382.057573 sending message 112 to peer 0x55acdd86d3a0 (13 bytes)
1688008382.057576 sending message 112 to peer 0x55acdd86d3a0 (70 bytes)
1688008382.057578 sending message 112 to peer 0x55acdd86d3a0 (69 bytes)
1688008382.057580 sending message 112 to peer 0x55acdd86d3a0 (10 bytes)
1688008382.057582 sending message 112 to peer 0x55acdd86d3a0 (8 bytes)
1688008382.057584 sending message 112 to peer 0x55acdd86d3a0 (15 bytes)
1688008382.057586 sending message 112 to peer 0x55acdd86d3a0 (13 bytes)
1688008382.057588 sending message 112 to peer 0x55acdd86d3a0 (10 bytes)
1688008382.057591 sending message 112 to peer 0x55acdd86d3a0 (10 bytes)
1688008382.057593 sending message 112 to peer 0x55acdd86d3a0 (5 bytes)
1688008382.057595 sending message 112 to peer 0x55acdd86d3a0 (15 bytes)
1688008382.057597 sending message 112 to peer 0x55acdd86d3a0 (5 bytes)
1688008382.057600 sending message 104 to peer 0x55acdd86d3a0 (0 bytes)
1688008382.057603 sending message 110 to peer 0x55acdd86d3a0 (0 bytes)
1688008382.057605 sending message 107 to peer 0x55acdd86d3a0 (4 bytes)
1688008382.057607 sending message 105 to peer 0x55acdd86d3a0 (94 bytes)
1688008382.057610 sending message 105 to peer 0x55acdd86d3a0 (62 bytes)
1688008382.057612 sending message 105 to peer 0x55acdd86d3a0 (44 bytes)
1688008382.057614 sending message 105 to peer 0x55acdd86d3a0 (35 bytes)
1688008382.057616 sending message 105 to peer 0x55acdd86d3a0 (54 bytes)
1688008382.057618 sending message 105 to peer 0x55acdd86d3a0 (56 bytes)
1688008382.057620 sending message 105 to peer 0x55acdd86d3a0 (32 bytes)
1688008382.057623 sending message 105 to peer 0x55acdd86d3a0 (60 bytes)
1688008382.057625 sending message 105 to peer 0x55acdd86d3a0 (55 bytes)
1688008382.057627 sending message 105 to peer 0x55acdd86d3a0 (24 bytes)
1688008382.057629 sending message 105 to peer 0x55acdd86d3a0 (28 bytes)
1688008382.057631 sending message 105 to peer 0x55acdd86d3a0 (24 bytes)
1688008382.057633 sending message 105 to peer 0x55acdd86d3a0 (16 bytes)
1688008382.057635 sending message 105 to peer 0x55acdd86d3a0 (27 bytes)
1688008382.057638 sending message 105 to peer 0x55acdd86d3a0 (21 bytes)
1688008382.057640 sending message 105 to peer 0x55acdd86d3a0 (101 bytes)
1688008382.057642 sending message 105 to peer 0x55acdd86d3a0 (13 bytes)
1688008382.057644 sending message 105 to peer 0x55acdd86d3a0 (19 bytes)
1688008382.057646 sending message 105 to peer 0x55acdd86d3a0 (17 bytes)
1688008382.057649 sending message 105 to peer 0x55acdd86d3a0 (1516 bytes)
1688008382.057659 sending message 105 to peer 0x55acdd86d3a0 (33 bytes)
1688008382.057665 sending message 105 to peer 0x55acdd86d3a0 (295 bytes)
1688008382.057667 sending message 105 to peer 0x55acdd86d3a0 (59 bytes)
1688008382.057669 sending message 105 to peer 0x55acdd86d3a0 (24 bytes)
1688008382.057672 sending message 105 to peer 0x55acdd86d3a0 (59 bytes)
1688008382.057674 sending message 105 to peer 0x55acdd86d3a0 (11 bytes)
1688008382.057676 sending message 105 to peer 0x55acdd86d3a0 (8 bytes)
1688008382.057678 sending message 105 to peer 0x55acdd86d3a0 (17 bytes)
1688008382.057680 sending message 105 to peer 0x55acdd86d3a0 (13 bytes)
1688008382.057682 sending message 105 to peer 0x55acdd86d3a0 (165 bytes)
1688008382.057685 sending message 105 to peer 0x55acdd86d3a0 (1189 bytes)
1688008382.057688 sending message 105 to peer 0x55acdd86d3a0 (64 bytes)
1688008382.057690 sending message 105 to peer 0x55acdd86d3a0 (18 bytes)
1688008382.057692 sending message 105 to peer 0x55acdd86d3a0 (19 bytes)
1688008382.057694 sending message 105 to peer 0x55acdd86d3a0 (20 bytes)
1688008382.057696 sending message 105 to peer 0x55acdd86d3a0 (19 bytes)
1688008382.057699 sending message 105 to peer 0x55acdd86d3a0 (47 bytes)
1688008382.057701 sending message 105 to peer 0x55acdd86d3a0 (8 bytes)
1688008382.057703 sending message 105 to peer 0x55acdd86d3a0 (33 bytes)
1688008382.057705 sending message 105 to peer 0x55acdd86d3a0 (23 bytes)
1688008382.057707 sending message 105 to peer 0x55acdd86d3a0 (34 bytes)
1688008382.057709 sending message 105 to peer 0x55acdd86d3a0 (27 bytes)
1688008382.057711 sending message 105 to peer 0x55acdd86d3a0 (46 bytes)
1688008382.057714 sending message 105 to peer 0x55acdd86d3a0 (33 bytes)
1688008382.057716 sending message 105 to peer 0x55acdd86d3a0 (14 bytes)
1688008382.057718 sending message 105 to peer 0x55acdd86d3a0 (11 bytes)
1688008382.057720 sending message 105 to peer 0x55acdd86d3a0 (23 bytes)
1688008382.057723 sending message 105 to peer 0x55acdd86d3a0 (17 bytes)
1688008382.057725 sending message 105 to peer 0x55acdd86d3a0 (33 bytes)
1688008382.057727 sending message 105 to peer 0x55acdd86d3a0 (31 bytes)
1688008382.057729 sending message 105 to peer 0x55acdd86d3a0 (32 bytes)
1688008382.057731 sending message 105 to peer 0x55acdd86d3a0 (20 bytes)
1688008382.057733 sending message 105 to peer 0x55acdd86d3a0 (25 bytes)
1688008382.057736 sending message 105 to peer 0x55acdd86d3a0 (53 bytes)
1688008382.057738 sending message 105 to peer 0x55acdd86d3a0 (35 bytes)
1688008382.057740 sending message 105 to peer 0x55acdd86d3a0 (80 bytes)
1688008382.057742 sending message 105 to peer 0x55acdd86d3a0 (21 bytes)
1688008382.057745 sending message 105 to peer 0x55acdd86d3a0 (94 bytes)
1688008382.057747 sending message 105 to peer 0x55acdd86d3a0 (7 bytes)
1688008382.057749 sending message 105 to peer 0x55acdd86d3a0 (23 bytes)
1688008382.057751 sending message 105 to peer 0x55acdd86d3a0 (20 bytes)
1688008382.057753 sending message 105 to peer 0x55acdd86d3a0 (37 bytes)
1688008382.057755 sending message 105 to peer 0x55acdd86d3a0 (23 bytes)
1688008382.057758 sending message 105 to peer 0x55acdd86d3a0 (19 bytes)
1688008382.057760 sending message 105 to peer 0x55acdd86d3a0 (15 bytes)
1688008382.057762 sending message 105 to peer 0x55acdd86d3a0 (31 bytes)
1688008382.057764 sending message 105 to peer 0x55acdd86d3a0 (41 bytes)
1688008382.057766 sending message 105 to peer 0x55acdd86d3a0 (60 bytes)
1688008382.057769 sending message 105 to peer 0x55acdd86d3a0 (17 bytes)
1688008382.057771 sending message 105 to peer 0x55acdd86d3a0 (21 bytes)
1688008382.057773 sending message 105 to peer 0x55acdd86d3a0 (18 bytes)
1688008382.057775 sending message 105 to peer 0x55acdd86d3a0 (39 bytes)
1688008382.057777 sending message 105 to peer 0x55acdd86d3a0 (30 bytes)
1688008382.057780 sending message 105 to peer 0x55acdd86d3a0 (51 bytes)
1688008382.057782 sending message 105 to peer 0x55acdd86d3a0 (35 bytes)
1688008382.057784 sending message 105 to peer 0x55acdd86d3a0 (13 bytes)
1688008382.057786 sending message 105 to peer 0x55acdd86d3a0 (13 bytes)
1688008382.057788 sending message 105 to peer 0x55acdd86d3a0 (11 bytes)
1688008382.057793 sending message 105 to peer 0x55acdd86d3a0 (25 bytes)
1688008382.057795 sending message 105 to peer 0x55acdd86d3a0 (46 bytes)
1688008382.057797 sending message 105 to peer 0x55acdd86d3a0 (47 bytes)
1688008382.057799 sending message 105 to peer 0x55acdd86d3a0 (18 bytes)
1688008382.057802 sending message 105 to peer 0x55acdd86d3a0 (54 bytes)
1688008382.057804 sending message 105 to peer 0x55acdd86d3a0 (16 bytes)
1688008382.057806 sending message 105 to peer 0x55acdd86d3a0 (80 bytes)
1688008382.057808 sending message 105 to peer 0x55acdd86d3a0 (23 bytes)
1688008382.057811 sending message 105 to peer 0x55acdd86d3a0 (30 bytes)
1688008382.057813 sending message 105 to peer 0x55acdd86d3a0 (44 bytes)
1688008382.057815 sending message 105 to peer 0x55acdd86d3a0 (18 bytes)
1688008382.057817 sending message 105 to peer 0x55acdd86d3a0 (41 bytes)
1688008382.057820 sending message 105 to peer 0x55acdd86d3a0 (20 bytes)
1688008382.057822 sending message 105 to peer 0x55acdd86d3a0 (15 bytes)
1688008382.057824 sending message 105 to peer 0x55acdd86d3a0 (52 bytes)
1688008382.057826 sending message 105 to peer 0x55acdd86d3a0 (33 bytes)
1688008382.057828 sending message 105 to peer 0x55acdd86d3a0 (57 bytes)
1688008382.057831 sending message 105 to peer 0x55acdd86d3a0 (18 bytes)
1688008382.057833 sending message 105 to peer 0x55acdd86d3a0 (22 bytes)
1688008382.057835 sending message 105 to peer 0x55acdd86d3a0 (60 bytes)
1688008382.057837 sending message 105 to peer 0x55acdd86d3a0 (22 bytes)
1688008382.057839 sending message 105 to peer 0x55acdd86d3a0 (34 bytes)
1688008382.057842 sending message 105 to peer 0x55acdd86d3a0 (21 bytes)
1688008382.057844 sending message 105 to peer 0x55acdd86d3a0 (37 bytes)
1688008382.057846 sending message 105 to peer 0x55acdd86d3a0 (32 bytes)
1688008382.057848 sending message 105 to peer 0x55acdd86d3a0 (35 bytes)
1688008382.057851 sending message 105 to peer 0x55acdd86d3a0 (14 bytes)
1688008382.057853 sending message 105 to peer 0x55acdd86d3a0 (40 bytes)
1688008382.057855 sending message 105 to peer 0x55acdd86d3a0 (18 bytes)
1688008382.057857 sending message 105 to peer 0x55acdd86d3a0 (27 bytes)
1688008382.057860 sending message 105 to peer 0x55acdd86d3a0 (52 bytes)
1688008382.057862 sending message 105 to peer 0x55acdd86d3a0 (37 bytes)
1688008382.057864 sending message 105 to peer 0x55acdd86d3a0 (23 bytes)
1688008382.057866 sending message 105 to peer 0x55acdd86d3a0 (18 bytes)
1688008382.057869 sending message 105 to peer 0x55acdd86d3a0 (22 bytes)
1688008382.057871 sending message 106 to peer 0x55acdd86d3a0 (0 bytes)
1688008382.057899 sending message 200 to peer 0x55acdd86d3a0 (4 bytes)
1688008382.057902 client loop enter
1688008382.058252 peer 0x55acdd86d3a0 message 303
1688008382.058257 open write file 2 -
1688008382.058265 sending message 305 to peer 0x55acdd86d3a0 (8 bytes)
1688008382.058275 write check file 2
1688008382.058421 peer 0x55acdd86d3a0 message 304
1688008382.058427 write 58 to file 2
1688008382.058430 peer 0x55acdd86d3a0 message 203
1688008382.058433 file 2 58 bytes left
1688008382.058442 write check file 2
1688008382.058444 client loop exit
